<?xml version="1.0" encoding="UTF-8"?>
<!-- Generated by org.testng.reporters.JUnitReportReporter -->
<testsuite hostname="DESKTOP-D9IO8BK" failures="0" tests="2" name="runner.RunnerForExtentReports" time="23.281" errors="0" timestamp="2024-04-07T10:15:31 IST" skipped="0">
  <testcase classname="runner.RunnerForExtentReports" name="runScenario" time="14.220"/>
  <testcase classname="runner.RunnerForExtentReports" name="runScenario" time="9.061"/>
</testsuite> <!-- runner.RunnerForExtentReports -->
