<?xml version="1.0" encoding="UTF-8"?>
<!-- Generated by org.testng.reporters.JUnitReportReporter -->
<testsuite hostname="DESKTOP-D9IO8BK" failures="0" tests="3" name="runner.TagsDemoRunner" time="0.417" errors="0" timestamp="2024-07-02T19:55:06 IST" skipped="0">
  <testcase classname="runner.TagsDemoRunner" name="runScenario" time="0.022"/>
  <testcase classname="runner.TagsDemoRunner" name="runScenario" time="0.372"/>
  <testcase classname="runner.TagsDemoRunner" name="runScenario" time="0.023"/>
</testsuite> <!-- runner.TagsDemoRunner -->
