<?xml version="1.0" encoding="UTF-8"?>
<!-- Generated by org.testng.reporters.JUnitReportReporter -->
<testsuite hostname="DESKTOP-D9IO8BK" failures="0" tests="4" name="runner.VtigerLoginRunner" time="32.735" errors="0" timestamp="2024-07-01T21:14:23 IST" skipped="0">
  <testcase classname="runner.VtigerLoginRunner" name="runScenario" time="7.342"/>
  <testcase classname="runner.VtigerLoginRunner" name="runScenario" time="7.031"/>
  <testcase classname="runner.VtigerLoginRunner" name="runScenario" time="11.346"/>
  <testcase classname="runner.VtigerLoginRunner" name="runScenario" time="7.016"/>
</testsuite> <!-- runner.VtigerLoginRunner -->
