<?xml version="1.0" encoding="UTF-8"?>
<!-- Generated by org.testng.reporters.JUnitReportReporter -->
<testsuite hostname="DESKTOP-D9IO8BK" failures="0" tests="1" name="runner.LoginToVtiger" time="13.682" errors="0" timestamp="2024-06-27T19:39:08 IST" skipped="0">
  <testcase classname="runner.LoginToVtiger" name="runScenario" time="13.682"/>
</testsuite> <!-- runner.LoginToVtiger -->
