<?xml version="1.0" encoding="UTF-8"?>
<!-- Generated by org.testng.reporters.JUnitReportReporter -->
<testsuite hostname="DESKTOP-D9IO8BK" failures="0" tests="2" name="runner.RunnerForParallelExecution" time="39.499" errors="0" timestamp="2024-04-06T19:35:41 IST" skipped="0">
  <testcase classname="runner.RunnerForParallelExecution" name="runScenario" time="22.317"/>
  <testcase classname="runner.RunnerForParallelExecution" name="runScenario" time="17.182"/>
</testsuite> <!-- runner.RunnerForParallelExecution -->
