<?xml version="1.0" encoding="UTF-8"?>
<!-- Generated by org.testng.reporters.JUnitReportReporter -->
<testsuite hostname="DESKTOP-D9IO8BK" failures="0" tests="2" name="runner.Runner" time="25.352" errors="0" timestamp="2024-04-07T09:53:39 IST" skipped="0">
  <testcase classname="runner.Runner" name="runScenario" time="9.621"/>
  <testcase classname="runner.Runner" name="runScenario" time="15.731"/>
</testsuite> <!-- runner.Runner -->
